<?xml version="1.0" encoding="UTF-8"?>
<testsuite xmlns:xsi="http://www.w3.org/2001/XMLSchema-instance" xsi:noNamespaceSchemaLocation="https://maven.apache.org/surefire/maven-surefire-plugin/xsd/surefire-test-report-3.0.xsd" version="3.0" name="TestSuite" time="0.773" tests="3" errors="0" skipped="0" failures="0">
  <properties>
    <property name="java.specification.version" value="21"/>
    <property name="sun.jnu.encoding" value="UTF-8"/>
    <property name="java.class.path" value="/Users/lakshmi_harshitha/Java/TestWorkSpace/Interview_Preparation/target/test-classes:/Users/lakshmi_harshitha/Java/TestWorkSpace/Interview_Preparation/target/classes:/Users/lakshmi_harshitha/.m2/repository/org/apache/poi/poi/5.2.3/poi-5.2.3.jar:/Users/lakshmi_harshitha/.m2/repository/commons-codec/commons-codec/1.15/commons-codec-1.15.jar:/Users/lakshmi_harshitha/.m2/repository/org/apache/commons/commons-collections4/4.4/commons-collections4-4.4.jar:/Users/lakshmi_harshitha/.m2/repository/org/apache/commons/commons-math3/3.6.1/commons-math3-3.6.1.jar:/Users/lakshmi_harshitha/.m2/repository/commons-io/commons-io/2.11.0/commons-io-2.11.0.jar:/Users/lakshmi_harshitha/.m2/repository/com/zaxxer/SparseBitSet/1.2/SparseBitSet-1.2.jar:/Users/lakshmi_harshitha/.m2/repository/org/apache/logging/log4j/log4j-api/2.18.0/log4j-api-2.18.0.jar:/Users/lakshmi_harshitha/.m2/repository/org/apache/poi/poi-ooxml/5.2.3/poi-ooxml-5.2.3.jar:/Users/lakshmi_harshitha/.m2/repository/org/apache/poi/poi-ooxml-lite/5.2.3/poi-ooxml-lite-5.2.3.jar:/Users/lakshmi_harshitha/.m2/repository/org/apache/xmlbeans/xmlbeans/5.1.1/xmlbeans-5.1.1.jar:/Users/lakshmi_harshitha/.m2/repository/org/apache/commons/commons-compress/1.21/commons-compress-1.21.jar:/Users/lakshmi_harshitha/.m2/repository/com/github/virtuald/curvesapi/1.07/curvesapi-1.07.jar:/Users/lakshmi_harshitha/.m2/repository/org/testng/testng/7.8.0/testng-7.8.0.jar:/Users/lakshmi_harshitha/.m2/repository/org/slf4j/slf4j-api/1.7.36/slf4j-api-1.7.36.jar:/Users/lakshmi_harshitha/.m2/repository/com/beust/jcommander/1.82/jcommander-1.82.jar:/Users/lakshmi_harshitha/.m2/repository/org/webjars/jquery/3.6.1/jquery-3.6.1.jar:"/>
    <property name="java.vm.vendor" value="Homebrew"/>
    <property name="sun.arch.data.model" value="64"/>
    <property name="java.vendor.url" value="https://github.com/Homebrew/homebrew-core/issues"/>
    <property name="user.timezone" value="America/Denver"/>
    <property name="os.name" value="Mac OS X"/>
    <property name="java.vm.specification.version" value="21"/>
    <property name="sun.java.launcher" value="SUN_STANDARD"/>
    <property name="user.country" value="US"/>
    <property name="sun.boot.library.path" value="/usr/local/Cellar/openjdk/21/libexec/openjdk.jdk/Contents/Home/lib"/>
    <property name="sun.java.command" value="/Users/lakshmi_harshitha/Java/TestWorkSpace/Interview_Preparation/target/surefire/surefirebooter-20231012134529734_3.jar /Users/lakshmi_harshitha/Java/TestWorkSpace/Interview_Preparation/target/surefire 2023-10-12T13-45-29_656-jvmRun1 surefire-20231012134529734_1tmp surefire_0-20231012134529734_2tmp"/>
    <property name="http.nonProxyHosts" value="local|*.local|169.254/16|*.169.254/16"/>
    <property name="jdk.debug" value="release"/>
    <property name="surefire.test.class.path" value="/Users/lakshmi_harshitha/Java/TestWorkSpace/Interview_Preparation/target/test-classes:/Users/lakshmi_harshitha/Java/TestWorkSpace/Interview_Preparation/target/classes:/Users/lakshmi_harshitha/.m2/repository/org/apache/poi/poi/5.2.3/poi-5.2.3.jar:/Users/lakshmi_harshitha/.m2/repository/commons-codec/commons-codec/1.15/commons-codec-1.15.jar:/Users/lakshmi_harshitha/.m2/repository/org/apache/commons/commons-collections4/4.4/commons-collections4-4.4.jar:/Users/lakshmi_harshitha/.m2/repository/org/apache/commons/commons-math3/3.6.1/commons-math3-3.6.1.jar:/Users/lakshmi_harshitha/.m2/repository/commons-io/commons-io/2.11.0/commons-io-2.11.0.jar:/Users/lakshmi_harshitha/.m2/repository/com/zaxxer/SparseBitSet/1.2/SparseBitSet-1.2.jar:/Users/lakshmi_harshitha/.m2/repository/org/apache/logging/log4j/log4j-api/2.18.0/log4j-api-2.18.0.jar:/Users/lakshmi_harshitha/.m2/repository/org/apache/poi/poi-ooxml/5.2.3/poi-ooxml-5.2.3.jar:/Users/lakshmi_harshitha/.m2/repository/org/apache/poi/poi-ooxml-lite/5.2.3/poi-ooxml-lite-5.2.3.jar:/Users/lakshmi_harshitha/.m2/repository/org/apache/xmlbeans/xmlbeans/5.1.1/xmlbeans-5.1.1.jar:/Users/lakshmi_harshitha/.m2/repository/org/apache/commons/commons-compress/1.21/commons-compress-1.21.jar:/Users/lakshmi_harshitha/.m2/repository/com/github/virtuald/curvesapi/1.07/curvesapi-1.07.jar:/Users/lakshmi_harshitha/.m2/repository/org/testng/testng/7.8.0/testng-7.8.0.jar:/Users/lakshmi_harshitha/.m2/repository/org/slf4j/slf4j-api/1.7.36/slf4j-api-1.7.36.jar:/Users/lakshmi_harshitha/.m2/repository/com/beust/jcommander/1.82/jcommander-1.82.jar:/Users/lakshmi_harshitha/.m2/repository/org/webjars/jquery/3.6.1/jquery-3.6.1.jar:"/>
    <property name="sun.cpu.endian" value="little"/>
    <property name="user.home" value="/Users/lakshmi_harshitha"/>
    <property name="user.language" value="en"/>
    <property name="java.specification.vendor" value="Oracle Corporation"/>
    <property name="java.version.date" value="2023-09-19"/>
    <property name="java.home" value="/usr/local/Cellar/openjdk/21/libexec/openjdk.jdk/Contents/Home"/>
    <property name="file.separator" value="/"/>
    <property name="basedir" value="/Users/lakshmi_harshitha/Java/TestWorkSpace/Interview_Preparation"/>
    <property name="java.vm.compressedOopsMode" value="Zero based"/>
    <property name="line.separator" value="&#10;"/>
    <property name="java.vm.specification.vendor" value="Oracle Corporation"/>
    <property name="java.specification.name" value="Java Platform API Specification"/>
    <property name="apple.awt.application.name" value="ForkedBooter"/>
    <property name="surefire.real.class.path" value="/Users/lakshmi_harshitha/Java/TestWorkSpace/Interview_Preparation/target/surefire/surefirebooter-20231012134529734_3.jar"/>
    <property name="sun.management.compiler" value="HotSpot 64-Bit Tiered Compilers"/>
    <property name="ftp.nonProxyHosts" value="local|*.local|169.254/16|*.169.254/16"/>
    <property name="java.runtime.version" value="21"/>
    <property name="user.name" value="lakshmi_harshitha"/>
    <property name="stdout.encoding" value="UTF-8"/>
    <property name="path.separator" value=":"/>
    <property name="os.version" value="11.7.10"/>
    <property name="java.runtime.name" value="OpenJDK Runtime Environment"/>
    <property name="file.encoding" value="UTF-8"/>
    <property name="java.vm.name" value="OpenJDK 64-Bit Server VM"/>
    <property name="java.vendor.version" value="Homebrew"/>
    <property name="localRepository" value="/Users/lakshmi_harshitha/.m2/repository"/>
    <property name="java.vendor.url.bug" value="https://github.com/Homebrew/homebrew-core/issues"/>
    <property name="java.io.tmpdir" value="/var/folders/3q/vrd06br95bd0nl2bh_tnxq2c0000gn/T/"/>
    <property name="java.version" value="21"/>
    <property name="user.dir" value="/Users/lakshmi_harshitha/Java/TestWorkSpace/Interview_Preparation"/>
    <property name="os.arch" value="x86_64"/>
    <property name="java.vm.specification.name" value="Java Virtual Machine Specification"/>
    <property name="native.encoding" value="UTF-8"/>
    <property name="java.library.path" value="/Users/lakshmi_harshitha/Library/Java/Extensions:/Library/Java/Extensions:/Network/Library/Java/Extensions:/System/Library/Java/Extensions:/usr/lib/java:."/>
    <property name="java.vm.info" value="mixed mode, sharing"/>
    <property name="stderr.encoding" value="UTF-8"/>
    <property name="java.vendor" value="Homebrew"/>
    <property name="java.vm.version" value="21"/>
    <property name="sun.io.unicode.encoding" value="UnicodeBig"/>
    <property name="socksNonProxyHosts" value="local|*.local|169.254/16|*.169.254/16"/>
    <property name="java.class.version" value="65.0"/>
  </properties>
  <testcase name="F1_Test1" classname="test.Feature1" time="0.003">
    <system-out><![CDATA[This is @BeforeClass: Feature1 class
Test case F1_Test1
]]></system-out>
    <system-err><![CDATA[SLF4J: Failed to load class "org.slf4j.impl.StaticLoggerBinder".
SLF4J: Defaulting to no-operation (NOP) logger implementation
SLF4J: See http://www.slf4j.org/codes.html#StaticLoggerBinder for further details.
]]></system-err>
  </testcase>
  <testcase name="F1_Test2" classname="test.Feature1" time="0.0">
    <system-out><![CDATA[Test case F1_Test2
]]></system-out>
  </testcase>
  <testcase name="F1_Test3" classname="test.Feature1" time="0.0">
    <system-out><![CDATA[Test case F1_Test3
]]></system-out>
  </testcase>
</testsuite>