<?xml version="1.0" encoding="UTF-8"?>
<!-- Generated by org.testng.reporters.JUnitReportReporter -->
<testsuite hostname="Nareshs-MacBook-Pro.local" failures="0" tests="3" name="test.Feature1" time="0.009" errors="0" timestamp="2023-10-12T13:42:19 MDT" skipped="0">
  <testcase classname="test.Feature1" name="F1_Test2" time="0.001"/>
  <system-out/>
  <testcase classname="test.Feature1" name="F1_Test1" time="0.007"/>
  <system-out/>
  <testcase classname="test.Feature1" name="F1_Test3" time="0.001"/>
  <system-out/>
</testsuite> <!-- test.Feature1 -->
